[13-Apr-2022 19:50:49 -0400]: <4fcecc0a> In migration: 0000-dbinit
[13-Apr-2022 19:50:49 -0400]: <4fcecc0a> Found 7 matches
[13-Apr-2022 19:50:49 -0400]: <4fcecc0a> In migration: 0000-sample
[13-Apr-2022 19:50:49 -0400]: <4fcecc0a> Found 1 matches
[13-Apr-2022 19:50:49 -0400]: <4fcecc0a> In migration: 0001-categories
[13-Apr-2022 19:50:49 -0400]: <4fcecc0a> Found 1 matches
[13-Apr-2022 19:50:49 -0400]: <4fcecc0a> In migration: 0002-increasetextfieldlengths
[13-Apr-2022 19:50:49 -0400]: <4fcecc0a> Found 7 matches
[13-Apr-2022 19:50:49 -0400]: <4fcecc0a> In migration: 0003-fixtimestampdefaultvalue
[13-Apr-2022 19:50:49 -0400]: <4fcecc0a> Found 1 matches
[13-Apr-2022 19:50:49 -0400]: <4fcecc0a> In migration: 0004-fixtimestampdefaultvalue
[13-Apr-2022 19:50:49 -0400]: <4fcecc0a> Found 1 matches
[13-Apr-2022 19:50:49 -0400]: <4fcecc0a> In migration: 0005-changemysqlut8toutf8mb4
[13-Apr-2022 19:50:49 -0400]: <4fcecc0a> Found 1 matches
[13-Apr-2022 20:21:36 -0400]: <9bd5f123> In migration: 0000-dbinit
[13-Apr-2022 20:21:36 -0400]: <9bd5f123> Found 7 matches
[13-Apr-2022 20:21:36 -0400]: <9bd5f123> In migration: 0000-sample
[13-Apr-2022 20:21:36 -0400]: <9bd5f123> Found 1 matches
[13-Apr-2022 20:21:36 -0400]: <9bd5f123> In migration: 0001-categories
[13-Apr-2022 20:21:36 -0400]: <9bd5f123> Found 1 matches
[13-Apr-2022 20:21:36 -0400]: <9bd5f123> In migration: 0002-increasetextfieldlengths
[13-Apr-2022 20:21:36 -0400]: <9bd5f123> Found 7 matches
[13-Apr-2022 20:21:36 -0400]: <9bd5f123> In migration: 0003-fixtimestampdefaultvalue
[13-Apr-2022 20:21:36 -0400]: <9bd5f123> Found 1 matches
[13-Apr-2022 20:21:36 -0400]: <9bd5f123> In migration: 0004-fixtimestampdefaultvalue
[13-Apr-2022 20:21:36 -0400]: <9bd5f123> Found 1 matches
[13-Apr-2022 20:21:36 -0400]: <9bd5f123> In migration: 0005-changemysqlut8toutf8mb4
[13-Apr-2022 20:21:36 -0400]: <9bd5f123> Found 1 matches
